0 info it worked if it ends with ok
1 verbose cli [ '/Users/srinisa/.nvm/versions/node/v6.11.3/bin/node',
1 verbose cli   '/Users/srinisa/.nvm/versions/node/v6.11.3/bin/npm',
1 verbose cli   'run',
1 verbose cli   'start' ]
2 info using npm@3.10.10
3 info using node@v6.11.3
4 verbose run-script [ 'prestart', 'start', 'poststart' ]
5 info lifecycle portal-template@0.0.1~prestart: portal-template@0.0.1
6 silly lifecycle portal-template@0.0.1~prestart: no script for prestart, continuing
7 info lifecycle portal-template@0.0.1~start: portal-template@0.0.1
8 verbose lifecycle portal-template@0.0.1~start: unsafe-perm in lifecycle true
9 verbose lifecycle portal-template@0.0.1~start: PATH: /Users/srinisa/.nvm/versions/node/v6.11.3/lib/node_modules/npm/bin/node-gyp-bin:/Users/srinisa/Downloads/redocly-dev-portal-main/node_modules/.bin:/usr/local/opt/postgresql@9.6/bin:/Users/srinisa/.nvm/versions/node/v6.11.3/bin:/usr/local/bin:/usr/bin:/bin:/usr/sbin:/sbin:/usr/local/mysql/bin:/Applications/Postgres.app/Contents/Versions/latest/bin
10 verbose lifecycle portal-template@0.0.1~start: CWD: /Users/srinisa/Downloads/redocly-dev-portal-main
11 silly lifecycle portal-template@0.0.1~start: Args: [ '-c', 'redocly-portal develop -p 3000' ]
12 silly lifecycle portal-template@0.0.1~start: Returned: code: 1  signal: null
13 info lifecycle portal-template@0.0.1~start: Failed to exec start script
14 verbose stack Error: portal-template@0.0.1 start: `redocly-portal develop -p 3000`
14 verbose stack Exit status 1
14 verbose stack     at EventEmitter.<anonymous> (/Users/srinisa/.nvm/versions/node/v6.11.3/lib/node_modules/npm/lib/utils/lifecycle.js:255:16)
14 verbose stack     at emitTwo (events.js:106:13)
14 verbose stack     at EventEmitter.emit (events.js:191:7)
14 verbose stack     at ChildProcess.<anonymous> (/Users/srinisa/.nvm/versions/node/v6.11.3/lib/node_modules/npm/lib/utils/spawn.js:40:14)
14 verbose stack     at emitTwo (events.js:106:13)
14 verbose stack     at ChildProcess.emit (events.js:191:7)
14 verbose stack     at maybeClose (internal/child_process.js:920:16)
14 verbose stack     at Process.ChildProcess._handle.onexit (internal/child_process.js:230:5)
15 verbose pkgid portal-template@0.0.1
16 verbose cwd /Users/srinisa/Downloads/redocly-dev-portal-main
17 error Darwin 20.2.0
18 error argv "/Users/srinisa/.nvm/versions/node/v6.11.3/bin/node" "/Users/srinisa/.nvm/versions/node/v6.11.3/bin/npm" "run" "start"
19 error node v6.11.3
20 error npm  v3.10.10
21 error code ELIFECYCLE
22 error portal-template@0.0.1 start: `redocly-portal develop -p 3000`
22 error Exit status 1
23 error Failed at the portal-template@0.0.1 start script 'redocly-portal develop -p 3000'.
23 error Make sure you have the latest version of node.js and npm installed.
23 error If you do, this is most likely a problem with the portal-template package,
23 error not with npm itself.
23 error Tell the author that this fails on your system:
23 error     redocly-portal develop -p 3000
23 error You can get information on how to open an issue for this project with:
23 error     npm bugs portal-template
23 error Or if that isn't available, you can get their info via:
23 error     npm owner ls portal-template
23 error There is likely additional logging output above.
24 verbose exit [ 1, true ]
